#
# A fatal error has been detected by the Java Runtime Environment:
#
#  EXCEPTION_ACCESS_VIOLATION (0xc0000005) at pc=0x00000000577bb855, pid=69424, tid=45940
#
# JRE version: 7.0_03-b05
# Java VM: Java HotSpot(TM) 64-Bit Server VM (22.1-b02 mixed mode windows-amd64 compressed oops)
# Problematic frame:
# V  [jvm.dll+0xab855]
#
# Failed to write core dump. Minidumps are not enabled by default on client versions of Windows
#
# If you would like to submit a bug report, please visit:
#   http://bugreport.sun.com/bugreport/crash.jsp
#

---------------  T H R E A D  ---------------

Current thread (0x0000000001f59000):  VMThread [stack: 0x00000000067b0000,0x00000000068b0000] [id=45940]

siginfo: ExceptionCode=0xc0000005, reading address 0x00000000003c1ed8

Registers:
RAX=0x00000000003c1ed8, RBX=0x00000000003c1ed8, RCX=0x0000000000000000, RDX=0x00000000c7540810
RSP=0x00000000068af5b0, RBP=0x0000000000000000, RSI=0x0000000083932d00, RDI=0x00000000c7540828
R8 =0x0000000000000005, R9 =0x000000000c6fb310, R10=0x0000000000b68200, R11=0x00000000ffffffe1
R12=0x0000000083932d08, R13=0x00000000c7540810, R14=0x0000000001eab890, R15=0x0000000000000012
RIP=0x00000000577bb855, EFLAGS=0x0000000000010206

Top of Stack: (sp=0x00000000068af5b0)
0x00000000068af5b0:   000000008f4042a8 000000008c4ce830
0x00000000068af5c0:   00000000c753b698 00000000577bb882
0x00000000068af5d0:   00000000c75407e0 00000000577d462a
0x00000000068af5e0:   0000000000000003 00000000c7540824
0x00000000068af5f0:   00000000c089ee50 00000000577f717c
0x00000000068af600:   0000000000000003 000000000201cd10
0x00000000068af610:   000000000201fe70 0000000000b68200
0x00000000068af620:   00000000c7540810 000000005790a20a
0x00000000068af630:   00000000bdafde40 0000000000000000
0x00000000068af640:   000000000c6fe340 0000000000000000
0x00000000068af650:   0000000057d4d820 0000000057a4631b
0x00000000068af660:   0000000001eaa7d0 0000000000000000
0x00000000068af670:   00000000068af7f0 0000000057d4d820
0x00000000068af680:   0000000001ea7230 0000000057a5195e
0x00000000068af690:   0000000057beee50 0000000000000000
0x00000000068af6a0:   0000000057d4d820 0000000000000001 

Instructions: (pc=0x00000000577bb855)
0x00000000577bb835:   01 85 c0 0f 84 92 00 00 00 8b 0d 84 2a 57 00 48
0x00000000577bb845:   89 5c 24 38 8b d8 48 d3 e3 48 03 1d 6b 2a 57 00
0x00000000577bb855:   48 8b 03 24 03 3c 03 74 6d 48 89 7c 24 20 48 8b
0x00000000577bb865:   3b 48 c7 44 24 30 03 00 00 00 48 8b 44 24 30 48 


Register to memory mapping:

RAX=0x00000000003c1ed8 is an unknown value
RBX=0x00000000003c1ed8 is an unknown value
RCX=0x0000000000000000 is an unknown value
RDX=0x00000000c7540810 is an oop
edu.gatech.mediaprogramming.PathSegment 
 - klass: 'edu/gatech/mediaprogramming/PathSegment'
RSP=0x00000000068af5b0 is an unknown value
RBP=0x0000000000000000 is an unknown value
RSI=0x0000000083932d00 is an oop
{instance class} 
 - klass: {other class}
RDI=0x00000000c7540828 is an oop
edu.gatech.mediaprogramming.PathSegment 
 - klass: 'edu/gatech/mediaprogramming/PathSegment'
R8 =0x0000000000000005 is an unknown value
R9 =0x000000000c6fb310 is an unknown value
R10=0x0000000000b68200 is an unknown value
R11=0x00000000ffffffe1 is an unknown value
R12=0x0000000083932d08 is an oop
[S 
 - klass: {type array short}
 - length: 4
R13=0x00000000c7540810 is an oop
edu.gatech.mediaprogramming.PathSegment 
 - klass: 'edu/gatech/mediaprogramming/PathSegment'
R14=0x0000000001eab890 is an unknown value
R15=0x0000000000000012 is an unknown value


Stack: [0x00000000067b0000,0x00000000068b0000],  sp=0x00000000068af5b0,  free space=1021k
Native frames: (J=compiled Java code, j=interpreted, Vv=VM code, C=native code)
V  [jvm.dll+0xab855]

[error occurred during error reporting (printing native stack), id 0xc0000005]

VM_Operation (0x00000000023fe820): ParallelGCFailedAllocation, mode: safepoint, requested by thread 0x000000000201b800


---------------  P R O C E S S  ---------------

Java Threads: ( => current thread )
  0x0000000007632800 JavaThread "D3D Screen Updater" daemon [_thread_blocked, id=69848, stack(0x000000000b990000,0x000000000ba90000)]
  0x00000000075c1800 JavaThread "AWT-EventQueue-0" [_thread_blocked, id=70112, stack(0x000000000aa30000,0x000000000ab30000)]
  0x0000000007493000 JavaThread "AWT-Windows" daemon [_thread_blocked, id=67768, stack(0x0000000007ad0000,0x0000000007bd0000)]
  0x0000000007492000 JavaThread "AWT-Shutdown" [_thread_blocked, id=71620, stack(0x0000000007930000,0x0000000007a30000)]
  0x000000000634b000 JavaThread "Java2D Disposer" daemon [_thread_blocked, id=64152, stack(0x0000000006e30000,0x0000000006f30000)]
  0x00000000062dc000 JavaThread "Service Thread" daemon [_thread_blocked, id=68864, stack(0x00000000071f0000,0x00000000072f0000)]
  0x00000000062d6800 JavaThread "C2 CompilerThread1" daemon [_thread_blocked, id=69280, stack(0x0000000007090000,0x0000000007190000)]
  0x00000000062d5000 JavaThread "C2 CompilerThread0" daemon [_thread_blocked, id=62736, stack(0x0000000006f70000,0x0000000007070000)]
  0x00000000062d2000 JavaThread "Attach Listener" daemon [_thread_blocked, id=71544, stack(0x0000000006cb0000,0x0000000006db0000)]
  0x00000000062cd000 JavaThread "Signal Dispatcher" daemon [_thread_blocked, id=71192, stack(0x0000000006b90000,0x0000000006c90000)]
  0x0000000001f61800 JavaThread "Finalizer" daemon [_thread_blocked, id=69256, stack(0x0000000006990000,0x0000000006a90000)]
  0x0000000001f5e800 JavaThread "Reference Handler" daemon [_thread_blocked, id=69976, stack(0x0000000006670000,0x0000000006770000)]
  0x000000000201b800 JavaThread "main" [_thread_blocked, id=70576, stack(0x0000000002300000,0x0000000002400000)]

Other Threads:
=>0x0000000001f59000 VMThread [stack: 0x00000000067b0000,0x00000000068b0000] [id=45940]
  0x00000000062dc800 WatcherThread [stack: 0x0000000007340000,0x0000000007440000] [id=68128]

VM state:at safepoint (normal execution)

VM Mutex/Monitor currently owned by a thread:  ([mutex/lock_event])
[0x0000000002019720] Threads_lock - owner thread: 0x0000000001f59000
[0x0000000002019c20] Heap_lock - owner thread: 0x000000000201b800

Heap
 PSYoungGen      total 435968K, used 217984K [0x00000000d8160000, 0x0000000100000000, 0x0000000100000000)
  eden space 217984K, 100% used [0x00000000d8160000,0x00000000e5640000,0x00000000e5640000)
  from space 217984K, 0% used [0x00000000f2b20000,0x00000000f2b20000,0x0000000100000000)
  to   space 217984K, 0% used [0x00000000e5640000,0x00000000e5640000,0x00000000f2b20000)
 PSOldGen        total 1308032K, used 1300736K [0x0000000088400000, 0x00000000d8160000, 0x00000000d8160000)
  object space 1308032K, 99% used [0x0000000088400000,0x00000000d7a40000,0x00000000d8160000)
 PSPermGen       total 21248K, used 7942K [0x0000000083200000, 0x00000000846c0000, 0x0000000088400000)
  object space 21248K, 37% used [0x0000000083200000,0x00000000839c1900,0x00000000846c0000)

Code Cache  [0x0000000002400000, 0x0000000002670000, 0x0000000005400000)
 total_blobs=495 nmethods=113 adapters=334 free_code_cache=48406Kb largest_free_block=49539840

Dynamic libraries:
0x000000013fc80000 - 0x000000013fcb3000 	C:\Program Files\Java\jre7\bin\javaw.exe
0x0000000076df0000 - 0x0000000076f99000 	C:\Windows\SYSTEM32\ntdll.dll
0x0000000076cd0000 - 0x0000000076def000 	C:\Windows\system32\kernel32.dll
0x000007fefd340000 - 0x000007fefd3ac000 	C:\Windows\system32\KERNELBASE.dll
0x000007fefd9c0000 - 0x000007fefda9b000 	C:\Windows\system32\ADVAPI32.dll
0x000007fefdd50000 - 0x000007fefddef000 	C:\Windows\system32\msvcrt.dll
0x000007fefeed0000 - 0x000007fefeeef000 	C:\Windows\SYSTEM32\sechost.dll
0x000007fefeb80000 - 0x000007fefecad000 	C:\Windows\system32\RPCRT4.dll
0x0000000076a80000 - 0x0000000076b7a000 	C:\Windows\system32\USER32.dll
0x000007fefd6b0000 - 0x000007fefd717000 	C:\Windows\system32\GDI32.dll
0x000007fefd6a0000 - 0x000007fefd6ae000 	C:\Windows\system32\LPK.dll
0x000007fefecb0000 - 0x000007fefed79000 	C:\Windows\system32\USP10.dll
0x000007fefbbc0000 - 0x000007fefbdb4000 	C:\Windows\WinSxS\amd64_microsoft.windows.common-controls_6595b64144ccf1df_6.0.7601.17514_none_fa396087175ac9ac\COMCTL32.dll
0x000007fefd620000 - 0x000007fefd691000 	C:\Windows\system32\SHLWAPI.dll
0x000007fefeea0000 - 0x000007fefeece000 	C:\Windows\system32\IMM32.DLL
0x000007fefdc40000 - 0x000007fefdd49000 	C:\Windows\system32\MSCTF.dll
0x0000000063570000 - 0x0000000063641000 	C:\Program Files\Java\jre7\bin\msvcr100.dll
0x0000000057710000 - 0x0000000057dea000 	C:\Program Files\Java\jre7\bin\server\jvm.dll
0x000007fef3ee0000 - 0x000007fef3ee9000 	C:\Windows\system32\WSOCK32.dll
0x000007fefdaa0000 - 0x000007fefdaed000 	C:\Windows\system32\WS2_32.dll
0x000007fefdbd0000 - 0x000007fefdbd8000 	C:\Windows\system32\NSI.dll
0x000007fefb0a0000 - 0x000007fefb0db000 	C:\Windows\system32\WINMM.dll
0x0000000076fc0000 - 0x0000000076fc7000 	C:\Windows\system32\PSAPI.DLL
0x0000000072920000 - 0x000000007292f000 	C:\Program Files\Java\jre7\bin\verify.dll
0x0000000064d60000 - 0x0000000064d88000 	C:\Program Files\Java\jre7\bin\java.dll
0x00000000680d0000 - 0x00000000680e5000 	C:\Program Files\Java\jre7\bin\zip.dll
0x0000000050430000 - 0x00000000505c4000 	C:\Program Files\Java\jre7\bin\awt.dll
0x000007fefdaf0000 - 0x000007fefdbc7000 	C:\Windows\system32\OLEAUT32.dll
0x000007fefeef0000 - 0x000007feff0f3000 	C:\Windows\system32\ole32.dll
0x000007fefb5b0000 - 0x000007fefb5c8000 	C:\Windows\system32\DWMAPI.DLL
0x000007fefb9e0000 - 0x000007fefba36000 	C:\Windows\system32\uxtheme.dll
0x0000000072450000 - 0x0000000072495000 	C:\Program Files\Common Files\Motive\pcContextHook_DSR.dll
0x000007fefddf0000 - 0x000007fefeb78000 	C:\Windows\system32\SHELL32.dll
0x000007fefd140000 - 0x000007fefd14f000 	C:\Windows\system32\CRYPTBASE.dll
0x0000000180000000 - 0x000000018004a000 	C:\Program Files\Acer\Acer ePower Management\SysHook.dll
0x000007fef8b30000 - 0x000007fef8ba1000 	C:\Windows\system32\WINSPOOL.DRV
0x000007fef0b30000 - 0x000007fef0d2f000 	C:\Windows\system32\d3d9.dll
0x000007fefc360000 - 0x000007fefc36c000 	C:\Windows\system32\VERSION.dll
0x000007fef2ba0000 - 0x000007fef2ba7000 	C:\Windows\system32\d3d8thk.dll
0x0000000061d10000 - 0x0000000061dea000 	C:\Windows\system32\aticfx64.dll
0x000007fefaf60000 - 0x000007fefaf6d000 	C:\Windows\system32\atiu9p64.dll
0x000000000f790000 - 0x000000000fcc7000 	C:\Windows\system32\atiumd64.dll
0x0000000050010000 - 0x00000000503f1000 	C:\Windows\system32\atiumd6a.dll
0x0000000054da0000 - 0x0000000054dd4000 	C:\Program Files\Java\jre7\bin\fontmanager.dll
0x000007fefee00000 - 0x000007fefee99000 	C:\Windows\system32\CLBCatQ.DLL
0x0000000002020000 - 0x0000000002089000 	C:\Program Files\Elantech\ETDApix.dll
0x000007fef8660000 - 0x000007fef8785000 	C:\Windows\system32\dbghelp.dll

VM Arguments:
jvm_args: -Dfile.encoding=Cp1252 
java_command: KochCurve
Launcher Type: SUN_STANDARD

Environment Variables:
CLASSPATH=.;C:\Program Files (x86)\Java\jre6\lib\ext\QTJava.zip
PATH=C:\Program Files (x86)\AMD APP\bin\x86_64;C:\Program Files (x86)\AMD APP\bin\x86;C:\Program Files\Common Files\Microsoft Shared\Windows Live;C:\Program Files (x86)\Common Files\Microsoft Shared\Windows Live;C:\Windows\system32;C:\Windows;C:\Windows\System32\Wbem;C:\Windows\System32\WindowsPowerShell\v1.0\;C:\Program Files (x86)\EgisTec MyWinLocker\x86;C:\Program Files (x86)\EgisTec MyWinLocker\x64;C:\Program Files (x86)\ATI Technologies\ATI.ACE\Core-Static;C:\Program Files (x86)\Windows Live\Shared;c:\Program Files (x86)\Microsoft SQL Server\100\Tools\Binn\;c:\Program Files\Microsoft SQL Server\100\Tools\Binn\;c:\Program Files\Microsoft SQL Server\100\DTS\Binn\;C:\Program Files (x86)\QuickTime\QTSystem\;c:\javabin\liquibase-2.0.5;c:\javabin\apache-maven-3.0.4\bin;C:\Program Files (x86)\Git\cmd
USERNAME=jack
OS=Windows_NT
PROCESSOR_IDENTIFIER=AMD64 Family 18 Model 1 Stepping 0, AuthenticAMD



---------------  S Y S T E M  ---------------

OS: Windows 7 , 64 bit Build 7601 Service Pack 1

CPU:total 4 (4 cores per cpu, 1 threads per core) family 18 model 1 stepping 0, cmov, cx8, fxsr, mmx, sse, sse2, sse3, popcnt, mmxext, 3dnowpref, lzcnt, sse4a

Memory: 4k page, physical 7841184k(99900k free), swap 15680516k(3140332k free)

vm_info: Java HotSpot(TM) 64-Bit Server VM (22.1-b02) for windows-amd64 JRE (1.7.0_03-b05), built on Feb  3 2012 20:43:56 by "java_re" with unknown MS VC++:1600

time: Mon Jan 07 11:30:22 2013
elapsed time: 92 seconds

